Arguments: 
  /usr/bin/node /usr/bin/yarn add mithril

PATH: 
  /home/chips/.local/bin:/home/chips/.bin:/home/chips/.gem/ruby/2.3.0/bin:/home/chips/.bin:/home/chips/.gem/ruby/2.3.0/bin:/opt/google-cloud-sdk/bin:/usr/local/bin:/usr/local/sbin:/usr/bin:/var/lib/flatpak/exports/bin:/usr/lib/jvm/default/bin:/usr/bin/site_perl:/usr/bin/vendor_perl:/usr/bin/core_perl:/var/lib/snapd/snap/bin

Yarn version: 
  1.13.0

Node version: 
  11.8.0

Platform: 
  linux x64

Trace: 
  SyntaxError: /home/chips/git/ej/ej-server/lib/scss/vendor/mendeleev/package.json: Unexpected token ] in JSON at position 541
      at JSON.parse (<anonymous>)
      at /usr/lib/node_modules/yarn/lib/cli.js:1625:59
      at Generator.next (<anonymous>)
      at step (/usr/lib/node_modules/yarn/lib/cli.js:304:30)
      at /usr/lib/node_modules/yarn/lib/cli.js:315:13

npm manifest: 
  {
    "name": "mendeleev",
    "version": "0.1.0",
    "description": "Atomic CSS framework.",
    "homepage": "https://medelev.github.io",
    "repository": "fabiommendes/mendeleev",
    "license": "MIT",
    "author": "Fábio Mendes <fabiomacedomendes@gmail.com>",
    "main": "dist/mendeleev.css",
    "keywords": [
      "bootstrap",
      "css",
      "css3",
      "flexbox",
      "front-end",
      "framework",
      "grid",
      "html",
      "html5",
      "kickstarter",
      "responsive",
      "mobile",
      "mobile-first",
      "responsive",
      "sass",
      "scss",
    ],
    "ignore": [
      ".appveyor.yml",
      ".editorconfig",
      ".eslintrc",
      ".github",
      ".gitignore",
      ".sasslintrc",
      ".travis.yml",
      "backstop.conf.js",
      "bower.json",
      "changelog.md",
      "composer.json",
      "package.js",
      "package.json",
      "src",
      "test"
    ],
    "dependencies": {
      "normalize.css": "~5.0.0"
    },
    "devDependencies": {
      "autoprefixer": "^6.5.4",
      "ava": "^0.17.0",
      "backstopjs": "^2.3.5",
      "banner-cli": "^0.9.2",
      "browser-sync": "^2.18.5",
      "editorconfig-tools": "^0.1.1",
      "eslint": "^3.14.0",
      "eslint-config-styled": "^0.0.0",
      "husky": "^0.11.9",
      "node-sass": "^4.9.0",
      "npm-run-all": "^2.3.0",
      "nyc": "^10.0.0",
      "onchange": "^2.5.0",
      "postcss-cli": "^2.6.0",
      "rimraf": "^2.5.4",
      "sass-lint": "^1.12.1"
    },
    "engines": {
      "node": ">=4"
    },
    "scripts": {
      "start": "run-p build watch serve",
      "build": "run-s clean sass autoprefixer banner",
      "clean": "rimraf dist",
      "sass": "node-sass --output-style expanded src/mendeleev.sass dist/mendeleev.css && node-sass --output-style compressed src/mendeleev.sass dist/mendeleev.min.css",
      "autoprefixer": "postcss -u autoprefixer --no-map.inline --autoprefixer.browsers \"last 1 versions\" -r dist/*.css",
      "banner": "banner-cli dist/*.css",
      "watch": "onchange src -- run-p build",
      "serve": "browser-sync start --no-notify -s test --ss dist -f dist",
      "backstop": "run-s build && run-p serve compare",
      "reference": "backstop reference --configPath=backstop.conf.js",
      "compare": "backstop test --configPath=backstop.conf.js",
      "lint": "sass-lint -c .sasslintrc src --verbose --no-exit && eslint test -c styled && editorconfig-tools check .",
      "ava": "nyc ava",
      "test": "run-s build lint ava",
      "precommit": "run-p test"
    },
    "resolutions": {
      "natives": "1.1.3"
    }
  }

yarn manifest: 
  No manifest

Lockfile: 
  No lockfile
